Release 14.7 - xst P.20131013 (nt64)
Copyright (c) 1995-2013 Xilinx, Inc.  All rights reserved.
--> Parameter TMPDIR set to xst/projnav.tmp


Total REAL time to Xst completion: 0.00 secs
Total CPU time to Xst completion: 0.19 secs
 
--> Parameter xsthdpdir set to xst


Total REAL time to Xst completion: 0.00 secs
Total CPU time to Xst completion: 0.19 secs
 
--> Reading design: Top.prj

TABLE OF CONTENTS
  1) Synthesis Options Summary
  2) HDL Compilation
  3) Design Hierarchy Analysis
  4) HDL Analysis
  5) HDL Synthesis
     5.1) HDL Synthesis Report
  6) Advanced HDL Synthesis
     6.1) Advanced HDL Synthesis Report
  7) Low Level Synthesis
  8) Partition Report
  9) Final Report
	9.1) Device utilization summary
	9.2) Partition Resource Summary
	9.3) TIMING REPORT


=========================================================================
*                      Synthesis Options Summary                        *
=========================================================================
---- Source Parameters
Input File Name                    : "Top.prj"
Input Format                       : mixed
Ignore Synthesis Constraint File   : NO

---- Target Parameters
Output File Name                   : "Top"
Output Format                      : NGC
Target Device                      : xc3s250e-4-tq144

---- Source Options
Top Module Name                    : Top
Automatic FSM Extraction           : YES
FSM Encoding Algorithm             : Auto
Safe Implementation                : No
FSM Style                          : LUT
RAM Extraction                     : Yes
RAM Style                          : Auto
ROM Extraction                     : Yes
Mux Style                          : Auto
Decoder Extraction                 : YES
Priority Encoder Extraction        : Yes
Shift Register Extraction          : YES
Logical Shifter Extraction         : YES
XOR Collapsing                     : YES
ROM Style                          : Auto
Mux Extraction                     : Yes
Resource Sharing                   : YES
Asynchronous To Synchronous        : NO
Multiplier Style                   : Auto
Automatic Register Balancing       : No

---- Target Options
Add IO Buffers                     : YES
Global Maximum Fanout              : 100000
Add Generic Clock Buffer(BUFG)     : 24
Register Duplication               : YES
Slice Packing                      : YES
Optimize Instantiated Primitives   : NO
Use Clock Enable                   : Yes
Use Synchronous Set                : Yes
Use Synchronous Reset              : Yes
Pack IO Registers into IOBs        : Auto
Equivalent register Removal        : YES

---- General Options
Optimization Goal                  : Speed
Optimization Effort                : 1
Keep Hierarchy                     : No
Netlist Hierarchy                  : As_Optimized
RTL Output                         : Yes
Global Optimization                : AllClockNets
Read Cores                         : YES
Write Timing Constraints           : NO
Cross Clock Analysis               : NO
Hierarchy Separator                : /
Bus Delimiter                      : <>
Case Specifier                     : Maintain
Slice Utilization Ratio            : 100
BRAM Utilization Ratio             : 100
Verilog 2001                       : YES
Auto BRAM Packing                  : NO
Slice Utilization Ratio Delta      : 5

=========================================================================


=========================================================================
*                          HDL Compilation                              *
=========================================================================
Compiling verilog file "nBitCounter2.v" in library work
Compiling verilog file "DisplayController.v" in library work
Module <eightBitCounter> compiled
Compiling verilog file "Counter.v" in library work
Module <DisplayController> compiled
Compiling verilog file "BinToBCD.v" in library work
Module <nBitCounter> compiled
Compiling verilog file "SensorController.v" in library work
Module <BinToBCD> compiled
Compiling verilog file "PWM_gen.v" in library work
Module <SensorController> compiled
Compiling verilog file "Duty_Cycle_Circuit.v" in library work
Module <PWM_gen> compiled
Compiling verilog file "Top.v" in library work
Module <Duty_Cycle_Circuit> compiled
Module <Top> compiled
No errors in compilation
Analysis of file <"Top.prj"> succeeded.
 

=========================================================================
*                     Design Hierarchy Analysis                         *
=========================================================================
Analyzing hierarchy for module <Top> in library <work>.

Analyzing hierarchy for module <PWM_gen> in library <work> with parameters.
	control = "00000000000000000000000001000000"

Analyzing hierarchy for module <Duty_Cycle_Circuit> in library <work>.

Analyzing hierarchy for module <SensorController> in library <work>.

Analyzing hierarchy for module <eightBitCounter> in library <work> with parameters.
	n = "00000000000000000000000000000111"

Analyzing hierarchy for module <nBitCounter> in library <work> with parameters.
	n = "00000000000000000000000000001111"

Analyzing hierarchy for module <BinToBCD> in library <work>.

Analyzing hierarchy for module <DisplayController> in library <work> with parameters.
	N = "00000000000000000000000000010010"


=========================================================================
*                            HDL Analysis                               *
=========================================================================
Analyzing top module <Top>.
Module <Top> is correct for synthesis.
 
Analyzing module <PWM_gen> in library <work>.
	control = 32'sb00000000000000000000000001000000
Module <PWM_gen> is correct for synthesis.
 
Analyzing module <Duty_Cycle_Circuit> in library <work>.
Module <Duty_Cycle_Circuit> is correct for synthesis.
 
Analyzing module <eightBitCounter> in library <work>.
	n = 32'sb00000000000000000000000000000111
Module <eightBitCounter> is correct for synthesis.
 
Analyzing module <nBitCounter> in library <work>.
	n = 32'sb00000000000000000000000000001111
Module <nBitCounter> is correct for synthesis.
 
Analyzing module <SensorController> in library <work>.
Module <SensorController> is correct for synthesis.
 
Analyzing module <BinToBCD> in library <work>.
Module <BinToBCD> is correct for synthesis.
 
Analyzing module <DisplayController> in library <work>.
	N = 32'sb00000000000000000000000000010010
Module <DisplayController> is correct for synthesis.
 

=========================================================================
*                           HDL Synthesis                               *
=========================================================================

Performing bidirectional port resolution...

Synthesizing Unit <PWM_gen>.
    Related source file is "PWM_gen.v".
    Found 1-bit register for signal <PWM_out>.
    Found 8-bit up counter for signal <counter>.
    Found 8-bit comparator less for signal <PWM_out$cmp_lt0000> created at line 29.
    Summary:
	inferred   1 Counter(s).
	inferred   1 D-type flip-flop(s).
	inferred   1 Comparator(s).
Unit <PWM_gen> synthesized.


Synthesizing Unit <eightBitCounter>.
    Related source file is "nBitCounter2.v".
    Found 8-bit up counter for signal <count>.
    Summary:
	inferred   1 Counter(s).
Unit <eightBitCounter> synthesized.


Synthesizing Unit <nBitCounter>.
    Related source file is "Counter.v".
    Found 16-bit up counter for signal <count>.
    Summary:
	inferred   1 Counter(s).
Unit <nBitCounter> synthesized.


Synthesizing Unit <BinToBCD>.
    Related source file is "BinToBCD.v".
    Found 4-bit register for signal <un>.
    Found 4-bit register for signal <milh>.
    Found 4-bit register for signal <cent>.
    Found 4-bit register for signal <dec>.
    Found 4-bit adder for signal <$add0000> created at line 50.
    Found 4-bit adder for signal <$add0001> created at line 50.
    Found 4-bit adder for signal <$add0002> created at line 50.
    Found 4-bit adder for signal <$add0003> created at line 47.
    Found 4-bit adder for signal <$add0004> created at line 50.
    Found 4-bit adder for signal <$add0005> created at line 47.
    Found 4-bit adder for signal <$add0006> created at line 50.
    Found 4-bit adder for signal <$add0007> created at line 47.
    Found 4-bit adder for signal <$add0008> created at line 50.
    Found 4-bit adder for signal <$add0009> created at line 44.
    Found 4-bit adder for signal <$add0010> created at line 47.
    Found 4-bit adder for signal <$add0011> created at line 50.
    Found 4-bit adder for signal <$add0012> created at line 44.
    Found 4-bit adder for signal <$add0013> created at line 47.
    Found 4-bit adder for signal <$add0014> created at line 50.
    Found 4-bit adder for signal <$add0015> created at line 44.
    Found 4-bit adder for signal <$add0016> created at line 47.
    Found 4-bit adder for signal <$add0017> created at line 50.
    Found 4-bit adder for signal <$add0018> created at line 41.
    Found 4-bit adder for signal <$add0019> created at line 44.
    Found 4-bit adder for signal <$add0020> created at line 47.
    Found 4-bit adder for signal <$add0021> created at line 50.
    Found 4-bit adder for signal <$add0022> created at line 41.
    Found 4-bit adder for signal <$add0023> created at line 44.
    Found 4-bit adder for signal <$add0024> created at line 47.
    Found 4-bit adder for signal <$add0025> created at line 50.
    Found 4-bit adder for signal <$add0026> created at line 41.
    Found 4-bit adder for signal <$add0027> created at line 44.
    Found 4-bit adder for signal <$add0028> created at line 47.
    Found 4-bit adder for signal <$add0029> created at line 50.
    Found 4-bit adder for signal <$add0030> created at line 41.
    Found 4-bit adder for signal <$add0031> created at line 44.
    Found 4-bit adder for signal <$add0032> created at line 47.
    Found 4-bit adder for signal <$add0033> created at line 50.
    Found 4-bit comparator greatequal for signal <cent_0$cmp_ge0000> created at line 46.
    Found 4-bit comparator greatequal for signal <cent_0$cmp_ge0001> created at line 46.
    Found 4-bit comparator greatequal for signal <cent_0$cmp_ge0002> created at line 46.
    Found 4-bit comparator greatequal for signal <cent_0$cmp_ge0003> created at line 46.
    Found 4-bit comparator greatequal for signal <cent_0$cmp_ge0004> created at line 46.
    Found 4-bit comparator greatequal for signal <cent_0$cmp_ge0005> created at line 46.
    Found 4-bit comparator greatequal for signal <cent_0$cmp_ge0006> created at line 46.
    Found 4-bit comparator greatequal for signal <cent_0$cmp_ge0007> created at line 46.
    Found 4-bit comparator greatequal for signal <cent_0$cmp_ge0008> created at line 46.
    Found 4-bit comparator greatequal for signal <cent_0$cmp_ge0009> created at line 46.
    Found 4-bit comparator greatequal for signal <dec_0$cmp_ge0000> created at line 49.
    Found 4-bit comparator greatequal for signal <dec_0$cmp_ge0001> created at line 49.
    Found 4-bit comparator greatequal for signal <dec_0$cmp_ge0002> created at line 49.
    Found 4-bit comparator greatequal for signal <dec_0$cmp_ge0003> created at line 49.
    Found 4-bit comparator greatequal for signal <dec_0$cmp_ge0004> created at line 49.
    Found 4-bit comparator greatequal for signal <dec_0$cmp_ge0005> created at line 49.
    Found 4-bit comparator greatequal for signal <dec_0$cmp_ge0006> created at line 49.
    Found 4-bit comparator greatequal for signal <dec_0$cmp_ge0007> created at line 49.
    Found 4-bit comparator greatequal for signal <dec_0$cmp_ge0008> created at line 49.
    Found 4-bit comparator greatequal for signal <dec_0$cmp_ge0009> created at line 49.
    Found 4-bit comparator greatequal for signal <dec_0$cmp_ge0010> created at line 49.
    Found 4-bit comparator greatequal for signal <dec_0$cmp_ge0011> created at line 49.
    Found 4-bit comparator greatequal for signal <dec_0$cmp_ge0012> created at line 49.
    Found 4-bit comparator greatequal for signal <milh$cmp_ge0000> created at line 40.
    Found 4-bit comparator greatequal for signal <milh$cmp_ge0001> created at line 40.
    Found 4-bit comparator greatequal for signal <milh$cmp_ge0002> created at line 40.
    Found 4-bit comparator greatequal for signal <milh$cmp_ge0003> created at line 40.
    Found 4-bit comparator greatequal for signal <milh_0$cmp_ge0000> created at line 43.
    Found 4-bit comparator greatequal for signal <milh_0$cmp_ge0001> created at line 43.
    Found 4-bit comparator greatequal for signal <milh_0$cmp_ge0002> created at line 43.
    Found 4-bit comparator greatequal for signal <milh_0$cmp_ge0003> created at line 43.
    Found 4-bit comparator greatequal for signal <milh_0$cmp_ge0004> created at line 43.
    Found 4-bit comparator greatequal for signal <milh_0$cmp_ge0005> created at line 43.
    Found 4-bit comparator greatequal for signal <milh_0$cmp_ge0006> created at line 43.
    Summary:
	inferred  16 D-type flip-flop(s).
	inferred  34 Adder/Subtractor(s).
	inferred  34 Comparator(s).
Unit <BinToBCD> synthesized.


Synthesizing Unit <DisplayController>.
    Related source file is "DisplayController.v".
    Found 16x7-bit ROM for signal <sseg_temp>.
    Found 1-of-4 decoder for signal <an_temp>.
    Found 18-bit up counter for signal <count>.
    Found 4-bit 4-to-1 multiplexer for signal <sseg>.
    Summary:
	inferred   1 ROM(s).
	inferred   1 Counter(s).
	inferred   4 Multiplexer(s).
	inferred   1 Decoder(s).
Unit <DisplayController> synthesized.


Synthesizing Unit <Duty_Cycle_Circuit>.
    Related source file is "Duty_Cycle_Circuit.v".
    Found 16-bit register for signal <value>.
    Found 1-bit register for signal <C1_carry>.
    Summary:
	inferred  17 D-type flip-flop(s).
Unit <Duty_Cycle_Circuit> synthesized.


Synthesizing Unit <SensorController>.
    Related source file is "SensorController.v".
Unit <SensorController> synthesized.


Synthesizing Unit <Top>.
    Related source file is "Top.v".
WARNING:Xst:647 - Input <Mode> is never used. This port will be preserved and left unconnected if it belongs to a top-level block or it belongs to a sub-block and the hierarchy of this sub-block is preserved.
WARNING:Xst:647 - Input <Stress> is never used. This port will be preserved and left unconnected if it belongs to a top-level block or it belongs to a sub-block and the hierarchy of this sub-block is preserved.
WARNING:Xst:653 - Signal <reset> is used but never assigned. This sourceless signal will be automatically connected to value 1.
WARNING:Xst:653 - Signal <enable> is used but never assigned. This sourceless signal will be automatically connected to value 1.
Unit <Top> synthesized.


=========================================================================
HDL Synthesis Report

Macro Statistics
# ROMs                                                 : 1
 16x7-bit ROM                                          : 1
# Adders/Subtractors                                   : 34
 4-bit adder                                           : 34
# Counters                                             : 4
 16-bit up counter                                     : 1
 18-bit up counter                                     : 1
 8-bit up counter                                      : 2
# Registers                                            : 19
 1-bit register                                        : 18
 16-bit register                                       : 1
# Comparators                                          : 35
 4-bit comparator greatequal                           : 34
 8-bit comparator less                                 : 1
# Multiplexers                                         : 1
 4-bit 4-to-1 multiplexer                              : 1
# Decoders                                             : 1
 1-of-4 decoder                                        : 1

=========================================================================

=========================================================================
*                       Advanced HDL Synthesis                          *
=========================================================================


=========================================================================
Advanced HDL Synthesis Report

Macro Statistics
# ROMs                                                 : 1
 16x7-bit ROM                                          : 1
# Adders/Subtractors                                   : 34
 3-bit adder                                           : 4
 4-bit adder                                           : 30
# Counters                                             : 4
 16-bit up counter                                     : 1
 18-bit up counter                                     : 1
 8-bit up counter                                      : 2
# Registers                                            : 34
 Flip-Flops                                            : 34
# Comparators                                          : 35
 4-bit comparator greatequal                           : 34
 8-bit comparator less                                 : 1
# Multiplexers                                         : 1
 4-bit 4-to-1 multiplexer                              : 1
# Decoders                                             : 1
 1-of-4 decoder                                        : 1

=========================================================================

=========================================================================
*                         Low Level Synthesis                           *
=========================================================================

Optimizing unit <Top> ...

Optimizing unit <BinToBCD> ...

Optimizing unit <Duty_Cycle_Circuit> ...

Mapping all equations...
Building and optimizing final netlist ...
Found area constraint ratio of 100 (+ 5) on block Top, actual ratio is 4.

Final Macro Processing ...

=========================================================================
Final Register Report

Macro Statistics
# Registers                                            : 84
 Flip-Flops                                            : 84

=========================================================================

=========================================================================
*                           Partition Report                            *
=========================================================================

Partition Implementation Status
-------------------------------

  No Partitions were found in this design.

-------------------------------

=========================================================================
*                            Final Report                               *
=========================================================================
Final Results
RTL Top Level Output File Name     : Top.ngr
Top Level Output File Name         : Top
Output Format                      : NGC
Optimization Goal                  : Speed
Keep Hierarchy                     : No

Design Statistics
# IOs                              : 17

Cell Usage :
# BELS                             : 445
#      GND                         : 1
#      INV                         : 5
#      LUT1                        : 46
#      LUT2                        : 14
#      LUT2_D                      : 4
#      LUT2_L                      : 1
#      LUT3                        : 33
#      LUT3_D                      : 8
#      LUT3_L                      : 6
#      LUT4                        : 148
#      LUT4_D                      : 49
#      LUT4_L                      : 16
#      MUXCY                       : 46
#      MUXF5                       : 17
#      VCC                         : 1
#      XORCY                       : 50
# FlipFlops/Latches                : 84
#      FD                          : 42
#      FDCE                        : 24
#      FDE                         : 16
#      FDR                         : 2
# Clock Buffers                    : 1
#      BUFGP                       : 1
# IO Buffers                       : 14
#      OBUF                        : 14
=========================================================================

Device utilization summary:
---------------------------

Selected Device : 3s250etq144-4 

 Number of Slices:                      169  out of   2448     6%  
 Number of Slice Flip Flops:             84  out of   4896     1%  
 Number of 4 input LUTs:                330  out of   4896     6%  
 Number of IOs:                          17
 Number of bonded IOBs:                  15  out of    108    13%  
 Number of GCLKs:                         1  out of     24     4%  

---------------------------
Partition Resource Summary:
---------------------------

  No Partitions were found in this design.

---------------------------


=========================================================================
TIMING REPORT

NOTE: THESE TIMING NUMBERS ARE ONLY A SYNTHESIS ESTIMATE.
      FOR ACCURATE TIMING INFORMATION PLEASE REFER TO THE TRACE REPORT
      GENERATED AFTER PLACE-and-ROUTE.

Clock Information:
------------------
-----------------------------------+------------------------+-------+
Clock Signal                       | Clock buffer(FF name)  | Load  |
-----------------------------------+------------------------+-------+
fpga_clk1                          | BUFGP                  | 84    |
-----------------------------------+------------------------+-------+

Asynchronous Control Signals Information:
----------------------------------------
-------------------------------------------+---------------------------+-------+
Control Signal                             | Buffer(FF name)           | Load  |
-------------------------------------------+---------------------------+-------+
Dut/C1_carry_inv(Dut/C1_carry_inv1_INV_0:O)| NONE(Dut/Counter2/count_0)| 16    |
N0(XST_GND:G)                              | NONE(Dut/Counter1/count_0)| 8     |
-------------------------------------------+---------------------------+-------+

Timing Summary:
---------------
Speed Grade: -4

   Minimum period: 23.062ns (Maximum Frequency: 43.361MHz)
   Minimum input arrival time before clock: No path found
   Maximum output required time after clock: 8.053ns
   Maximum combinational path delay: No path found

Timing Detail:
--------------
All values displayed in nanoseconds (ns)

=========================================================================
Timing constraint: Default period analysis for Clock 'fpga_clk1'
  Clock period: 23.062ns (frequency: 43.361MHz)
  Total number of paths / destination ports: 53196275 / 116
-------------------------------------------------------------------------
Delay:               23.062ns (Levels of Logic = 17)
  Source:            Dut/value_14 (FF)
  Destination:       Display/BinToBCD/dec_2 (FF)
  Source Clock:      fpga_clk1 rising
  Destination Clock: fpga_clk1 rising

  Data Path: Dut/value_14 to Display/BinToBCD/dec_2
                                Gate     Net
    Cell:in->out      fanout   Delay   Delay  Logical Name (Net Name)
    ----------------------------------------  ------------
     FDE:C->Q             12   0.591   1.136  Dut/value_14 (Dut/value_14)
     LUT4:I0->O            1   0.704   0.000  Display/BinToBCD/dec_0_mux000211_G (N328)
     MUXF5:I1->O          14   0.321   1.004  Display/BinToBCD/dec_0_mux000211 (Display/BinToBCD/N35)
     LUT4_D:I3->O          2   0.704   0.482  Display/BinToBCD/un_mux00071 (Display/BinToBCD/Madd__add0004_lut<2>)
     LUT3:I2->O            6   0.704   0.673  Display/BinToBCD/un_mux00091 (Display/BinToBCD/Madd__add0006_lut<3>)
     LUT4_D:I3->O          8   0.704   0.932  Display/BinToBCD/dec_0_cmp_ge00041 (Display/BinToBCD/dec_0_cmp_ge0004)
     LUT4:I0->O           10   0.704   0.886  Display/BinToBCD/dec_0_cmp_ge00051 (Display/BinToBCD/dec_0_cmp_ge0005)
     LUT4:I3->O            1   0.704   0.424  Display/BinToBCD/dec_0_cmp_ge00061_SW2 (N242)
     LUT4_L:I3->LO         1   0.704   0.135  Display/BinToBCD/Madd__add0014_cy<1>11 (Display/BinToBCD/Madd__add0014_cy<1>)
     LUT4:I2->O            7   0.704   0.712  Display/BinToBCD/un_mux00211 (Display/BinToBCD/Madd__add0017_lut<3>)
     LUT4_D:I3->O         14   0.704   1.004  Display/BinToBCD/dec_0_mux00081 (Display/BinToBCD/Madd__add0020_cy<0>)
     LUT4_D:I3->O          1   0.704   0.455  Display/BinToBCD/cent_0_cmp_ge00061_SW1 (N53)
     LUT4:I2->O           12   0.704   1.040  Display/BinToBCD/cent_0_cmp_ge00061 (Display/BinToBCD/cent_0_cmp_ge0006)
     LUT2:I1->O            1   0.704   0.424  Display/BinToBCD/Madd__add0024_cy<1>11_SW0 (N249)
     LUT4_D:I3->O          7   0.704   0.712  Display/BinToBCD/dec_mux00211 (Display/BinToBCD/Madd__add0028_lut<3>)
     LUT4:I3->O            1   0.704   0.455  Display/BinToBCD/cent_0_mux000911_SW2_SW0 (N315)
     LUT4_L:I2->LO         1   0.704   0.104  Display/BinToBCD/cent_0_mux000911_SW2 (N185)
     LUT4:I3->O            1   0.704   0.000  Display/BinToBCD/dec_mux00281 (Display/BinToBCD/dec_mux0028)
     FD:D                      0.308          Display/BinToBCD/dec_2
    ----------------------------------------
    Total                     23.062ns (12.484ns logic, 10.578ns route)
                                       (54.1% logic, 45.9% route)

=========================================================================
Timing constraint: Default OFFSET OUT AFTER for Clock 'fpga_clk1'
  Total number of paths / destination ports: 205 / 12
-------------------------------------------------------------------------
Offset:              8.053ns (Levels of Logic = 4)
  Source:            Display/DisplayController/count_16 (FF)
  Destination:       seg0 (PAD)
  Source Clock:      fpga_clk1 rising

  Data Path: Display/DisplayController/count_16 to seg0
                                Gate     Net
    Cell:in->out      fanout   Delay   Delay  Logical Name (Net Name)
    ----------------------------------------  ------------
     FD:C->Q              13   0.591   1.158  Display/DisplayController/count_16 (Display/DisplayController/count_16)
     LUT3:I0->O            1   0.704   0.000  Display/DisplayController/Mmux_sseg_3 (Display/DisplayController/Mmux_sseg_3)
     MUXF5:I1->O           7   0.321   0.883  Display/DisplayController/Mmux_sseg_2_f5 (Display/DisplayController/sseg<0>)
     LUT4:I0->O            1   0.704   0.420  Display/DisplayController/Mrom_sseg_temp11 (seg0_OBUF)
     OBUF:I->O                 3.272          seg0_OBUF (seg0)
    ----------------------------------------
    Total                      8.053ns (5.592ns logic, 2.461ns route)
                                       (69.4% logic, 30.6% route)

=========================================================================


Total REAL time to Xst completion: 13.00 secs
Total CPU time to Xst completion: 13.02 secs
 
--> 

Total memory usage is 267404 kilobytes

Number of errors   :    0 (   0 filtered)
Number of warnings :    4 (   0 filtered)
Number of infos    :    0 (   0 filtered)

