Release 14.7 - xst P.20131013 (nt64)
Copyright (c) 1995-2013 Xilinx, Inc.  All rights reserved.
--> Parameter TMPDIR set to xst/projnav.tmp


Total REAL time to Xst completion: 0.00 secs
Total CPU time to Xst completion: 0.18 secs
 
--> Parameter xsthdpdir set to xst


Total REAL time to Xst completion: 0.00 secs
Total CPU time to Xst completion: 0.18 secs
 
--> Reading design: UART_transmitter.prj

TABLE OF CONTENTS
  1) Synthesis Options Summary
  2) HDL Compilation
  3) Design Hierarchy Analysis
  4) HDL Analysis
  5) HDL Synthesis
     5.1) HDL Synthesis Report
  6) Advanced HDL Synthesis
     6.1) Advanced HDL Synthesis Report
  7) Low Level Synthesis
  8) Partition Report
  9) Final Report
	9.1) Device utilization summary
	9.2) Partition Resource Summary
	9.3) TIMING REPORT


=========================================================================
*                      Synthesis Options Summary                        *
=========================================================================
---- Source Parameters
Input File Name                    : "UART_transmitter.prj"
Input Format                       : mixed
Ignore Synthesis Constraint File   : NO

---- Target Parameters
Output File Name                   : "UART_transmitter"
Output Format                      : NGC
Target Device                      : xc3s250e-4-tq144

---- Source Options
Top Module Name                    : UART_transmitter
Automatic FSM Extraction           : YES
FSM Encoding Algorithm             : Auto
Safe Implementation                : No
FSM Style                          : LUT
RAM Extraction                     : Yes
RAM Style                          : Auto
ROM Extraction                     : Yes
Mux Style                          : Auto
Decoder Extraction                 : YES
Priority Encoder Extraction        : Yes
Shift Register Extraction          : YES
Logical Shifter Extraction         : YES
XOR Collapsing                     : YES
ROM Style                          : Auto
Mux Extraction                     : Yes
Resource Sharing                   : YES
Asynchronous To Synchronous        : NO
Multiplier Style                   : Auto
Automatic Register Balancing       : No

---- Target Options
Add IO Buffers                     : YES
Global Maximum Fanout              : 100000
Add Generic Clock Buffer(BUFG)     : 24
Register Duplication               : YES
Slice Packing                      : YES
Optimize Instantiated Primitives   : NO
Use Clock Enable                   : Yes
Use Synchronous Set                : Yes
Use Synchronous Reset              : Yes
Pack IO Registers into IOBs        : Auto
Equivalent register Removal        : YES

---- General Options
Optimization Goal                  : Speed
Optimization Effort                : 1
Keep Hierarchy                     : No
Netlist Hierarchy                  : As_Optimized
RTL Output                         : Yes
Global Optimization                : AllClockNets
Read Cores                         : YES
Write Timing Constraints           : NO
Cross Clock Analysis               : NO
Hierarchy Separator                : /
Bus Delimiter                      : <>
Case Specifier                     : Maintain
Slice Utilization Ratio            : 100
BRAM Utilization Ratio             : 100
Verilog 2001                       : YES
Auto BRAM Packing                  : NO
Slice Utilization Ratio Delta      : 5

=========================================================================


=========================================================================
*                          HDL Compilation                              *
=========================================================================
Compiling verilog file "UART_transmitter.v" in library work
Module <UART_transmitter> compiled
Module <uart_send> compiled
No errors in compilation
Analysis of file <"UART_transmitter.prj"> succeeded.
 

=========================================================================
*                     Design Hierarchy Analysis                         *
=========================================================================
Analyzing hierarchy for module <UART_transmitter> in library <work>.

Analyzing hierarchy for module <uart_send> in library <work> with parameters.
	BAUD_RATE = "00000000000000000010010110000000"
	CLOCK_SPEED_MHZ = "00000000000000000000000001100100"
	CYCLES_WAIT = 10417
	DATA_BIT = "00000000000000000000000000000011"
	END_BIT = "00000000000000000000000000000010"
	IDLE = "00000000000000000000000000000000"
	START_BIT = "00000000000000000000000000000001"


=========================================================================
*                            HDL Analysis                               *
=========================================================================
Analyzing top module <UART_transmitter>.
Module <UART_transmitter> is correct for synthesis.
 
Analyzing module <uart_send> in library <work>.
	BAUD_RATE = 32'sb00000000000000000010010110000000
	CLOCK_SPEED_MHZ = 32'sb00000000000000000000000001100100
	CYCLES_WAIT = 10417
	DATA_BIT = 32'sb00000000000000000000000000000011
	END_BIT = 32'sb00000000000000000000000000000010
	IDLE = 32'sb00000000000000000000000000000000
	START_BIT = 32'sb00000000000000000000000000000001
Module <uart_send> is correct for synthesis.
 

=========================================================================
*                           HDL Synthesis                               *
=========================================================================

Performing bidirectional port resolution...

Synthesizing Unit <uart_send>.
    Related source file is "UART_transmitter.v".
    Found 4-bit register for signal <bit_index>.
    Found 4-bit adder for signal <bit_index$addsub0000> created at line 72.
    Found 16-bit up counter for signal <cycle_count>.
    Found 8-bit register for signal <data>.
    Found 3-bit register for signal <state>.
    Summary:
	inferred   1 Counter(s).
	inferred  15 D-type flip-flop(s).
	inferred   1 Adder/Subtractor(s).
	inferred   1 Multiplexer(s).
Unit <uart_send> synthesized.


Synthesizing Unit <UART_transmitter>.
    Related source file is "UART_transmitter.v".
WARNING:Xst:1780 - Signal <dud> is never used or assigned. This unconnected signal will be trimmed during the optimization process.
WARNING:Xst:653 - Signal <data_send> is used but never assigned. This sourceless signal will be automatically connected to value 11111111.
Unit <UART_transmitter> synthesized.


=========================================================================
HDL Synthesis Report

Macro Statistics
# Adders/Subtractors                                   : 1
 4-bit adder                                           : 1
# Counters                                             : 1
 16-bit up counter                                     : 1
# Registers                                            : 3
 3-bit register                                        : 1
 4-bit register                                        : 1
 8-bit register                                        : 1
# Multiplexers                                         : 1
 1-bit 8-to-1 multiplexer                              : 1

=========================================================================

=========================================================================
*                       Advanced HDL Synthesis                          *
=========================================================================

WARNING:Xst:1710 - FF/Latch <data_0> (without init value) has a constant value of 1 in block <sender>. This FF/Latch will be trimmed during the optimization process.
WARNING:Xst:1710 - FF/Latch <data_1> (without init value) has a constant value of 1 in block <sender>. This FF/Latch will be trimmed during the optimization process.
WARNING:Xst:1710 - FF/Latch <data_2> (without init value) has a constant value of 1 in block <sender>. This FF/Latch will be trimmed during the optimization process.
WARNING:Xst:1710 - FF/Latch <data_3> (without init value) has a constant value of 1 in block <sender>. This FF/Latch will be trimmed during the optimization process.
WARNING:Xst:1710 - FF/Latch <data_4> (without init value) has a constant value of 1 in block <sender>. This FF/Latch will be trimmed during the optimization process.
WARNING:Xst:1710 - FF/Latch <data_5> (without init value) has a constant value of 1 in block <sender>. This FF/Latch will be trimmed during the optimization process.
WARNING:Xst:1710 - FF/Latch <data_6> (without init value) has a constant value of 1 in block <sender>. This FF/Latch will be trimmed during the optimization process.
WARNING:Xst:1710 - FF/Latch <data_7> (without init value) has a constant value of 1 in block <sender>. This FF/Latch will be trimmed during the optimization process.

=========================================================================
Advanced HDL Synthesis Report

Macro Statistics
# Adders/Subtractors                                   : 1
 4-bit adder                                           : 1
# Counters                                             : 1
 16-bit up counter                                     : 1
# Registers                                            : 15
 Flip-Flops                                            : 15
# Multiplexers                                         : 1
 1-bit 8-to-1 multiplexer                              : 1

=========================================================================

=========================================================================
*                         Low Level Synthesis                           *
=========================================================================
INFO:Xst:2261 - The FF/Latch <data_0> in Unit <uart_send> is equivalent to the following 7 FFs/Latches, which will be removed : <data_1> <data_2> <data_3> <data_4> <data_5> <data_6> <data_7> 
WARNING:Xst:1710 - FF/Latch <data_0> (without init value) has a constant value of 1 in block <uart_send>. This FF/Latch will be trimmed during the optimization process.
WARNING:Xst:1293 - FF/Latch <state_2> has a constant value of 0 in block <uart_send>. This FF/Latch will be trimmed during the optimization process.

Optimizing unit <UART_transmitter> ...

Optimizing unit <uart_send> ...
WARNING:Xst:1293 - FF/Latch <bit_index_3> has a constant value of 0 in block <uart_send>. This FF/Latch will be trimmed during the optimization process.
WARNING:Xst:1293 - FF/Latch <bit_index_3> has a constant value of 0 in block <uart_send>. This FF/Latch will be trimmed during the optimization process.

Mapping all equations...
Building and optimizing final netlist ...
Found area constraint ratio of 100 (+ 5) on block UART_transmitter, actual ratio is 0.

Final Macro Processing ...

=========================================================================
Final Register Report

Macro Statistics
# Registers                                            : 21
 Flip-Flops                                            : 21

=========================================================================

=========================================================================
*                           Partition Report                            *
=========================================================================

Partition Implementation Status
-------------------------------

  No Partitions were found in this design.

-------------------------------

=========================================================================
*                            Final Report                               *
=========================================================================
Final Results
RTL Top Level Output File Name     : UART_transmitter.ngr
Top Level Output File Name         : UART_transmitter
Output Format                      : NGC
Optimization Goal                  : Speed
Keep Hierarchy                     : No

Design Statistics
# IOs                              : 3

Cell Usage :
# BELS                             : 66
#      GND                         : 1
#      INV                         : 1
#      LUT1                        : 15
#      LUT2                        : 4
#      LUT3                        : 1
#      LUT4                        : 12
#      MUXCY                       : 15
#      VCC                         : 1
#      XORCY                       : 16
# FlipFlops/Latches                : 21
#      FD                          : 1
#      FDE                         : 4
#      FDR                         : 16
# Clock Buffers                    : 1
#      BUFGP                       : 1
# IO Buffers                       : 2
#      OBUF                        : 2
=========================================================================

Device utilization summary:
---------------------------

Selected Device : 3s250etq144-4 

 Number of Slices:                       17  out of   2448     0%  
 Number of Slice Flip Flops:             21  out of   4896     0%  
 Number of 4 input LUTs:                 33  out of   4896     0%  
 Number of IOs:                           3
 Number of bonded IOBs:                   3  out of    108     2%  
 Number of GCLKs:                         1  out of     24     4%  

---------------------------
Partition Resource Summary:
---------------------------

  No Partitions were found in this design.

---------------------------


=========================================================================
TIMING REPORT

NOTE: THESE TIMING NUMBERS ARE ONLY A SYNTHESIS ESTIMATE.
      FOR ACCURATE TIMING INFORMATION PLEASE REFER TO THE TRACE REPORT
      GENERATED AFTER PLACE-and-ROUTE.

Clock Information:
------------------
-----------------------------------+------------------------+-------+
Clock Signal                       | Clock buffer(FF name)  | Load  |
-----------------------------------+------------------------+-------+
fpga_clk1                          | BUFGP                  | 21    |
-----------------------------------+------------------------+-------+

Asynchronous Control Signals Information:
----------------------------------------
No asynchronous control signals found in this design

Timing Summary:
---------------
Speed Grade: -4

   Minimum period: 6.613ns (Maximum Frequency: 151.217MHz)
   Minimum input arrival time before clock: No path found
   Maximum output required time after clock: 5.919ns
   Maximum combinational path delay: No path found

Timing Detail:
--------------
All values displayed in nanoseconds (ns)

=========================================================================
Timing constraint: Default period analysis for Clock 'fpga_clk1'
  Clock period: 6.613ns (frequency: 151.217MHz)
  Total number of paths / destination ports: 534 / 41
-------------------------------------------------------------------------
Delay:               6.613ns (Levels of Logic = 3)
  Source:            sender/cycle_count_4 (FF)
  Destination:       sender/cycle_count_15 (FF)
  Source Clock:      fpga_clk1 rising
  Destination Clock: fpga_clk1 rising

  Data Path: sender/cycle_count_4 to sender/cycle_count_15
                                Gate     Net
    Cell:in->out      fanout   Delay   Delay  Logical Name (Net Name)
    ----------------------------------------  ------------
     FDR:C->Q              2   0.591   0.622  sender/cycle_count_4 (sender/cycle_count_4)
     LUT4:I0->O            1   0.704   0.595  sender/cycle_count_cmp_eq00007 (sender/cycle_count_cmp_eq00007)
     LUT4:I0->O            6   0.704   0.748  sender/cycle_count_cmp_eq000067 (sender/cycle_count_cmp_eq0000)
     LUT2:I1->O           16   0.704   1.034  sender/cycle_count_or00001 (sender/cycle_count_or0000)
     FDR:R                     0.911          sender/cycle_count_0
    ----------------------------------------
    Total                      6.613ns (3.614ns logic, 2.999ns route)
                                       (54.6% logic, 45.4% route)

=========================================================================
Timing constraint: Default OFFSET OUT AFTER for Clock 'fpga_clk1'
  Total number of paths / destination ports: 4 / 2
-------------------------------------------------------------------------
Offset:              5.919ns (Levels of Logic = 2)
  Source:            sender/state_0 (FF)
  Destination:       tx (PAD)
  Source Clock:      fpga_clk1 rising

  Data Path: sender/state_0 to tx
                                Gate     Net
    Cell:in->out      fanout   Delay   Delay  Logical Name (Net Name)
    ----------------------------------------  ------------
     FD:C->Q               8   0.591   0.932  sender/state_0 (sender/state_0)
     LUT2:I0->O            1   0.704   0.420  sender/tx1 (tx_OBUF)
     OBUF:I->O                 3.272          tx_OBUF (tx)
    ----------------------------------------
    Total                      5.919ns (4.567ns logic, 1.352ns route)
                                       (77.2% logic, 22.8% route)

=========================================================================


Total REAL time to Xst completion: 5.00 secs
Total CPU time to Xst completion: 4.91 secs
 
--> 

Total memory usage is 255180 kilobytes

Number of errors   :    0 (   0 filtered)
Number of warnings :   15 (   0 filtered)
Number of infos    :    1 (   0 filtered)

