Command line:
   nBitCounter_isim_beh.exe
     -simmode  gui
     -simrunnum  0
     -socket  49802

Thu Jun 08 12:34:55 2017


 Elaboration Time: 0.156002 sec

 Current Memory Usage: 1158.2 Meg

 Total Signals          : 16
 Total Nets             : 32
 Total Signal Drivers   : 6
 Total Blocks           : 2
 Total Primitive Blocks : 2
 Total Processes        : 9
 Total Traceable Variables  : 20
 Total Scalar Nets and Variables : 160
Total Line Count : 21

 Total Simulation Time: 0.171602 sec

 Current Memory Usage: 1158.2 Meg

Thu Jun 08 12:35:13 2017

