Command line:
   Counting_circuit_isim_beh.exe
     -simmode  gui
     -simrunnum  0
     -socket  49671

Fri May 05 11:30:29 2017


 Elaboration Time: 0.218402 sec

 Current Memory Usage: 1159.25 Meg

 Total Signals          : 22
 Total Nets             : 66
 Total Signal Drivers   : 10
 Total Blocks           : 4
 Total Primitive Blocks : 3
 Total Processes        : 16
 Total Traceable Variables  : 25
 Total Scalar Nets and Variables : 291
Total Line Count : 34
Total Line Count : 34

 Total Simulation Time: 0.234002 sec

 Current Memory Usage: 1159.25 Meg

Fri May 05 11:30:45 2017

